2020-10-23 06:22:19,015 - In the main function
2020-10-23 06:22:19,015 - Processing for date 2020-10-23 00:00:00
2020-10-23 06:22:19,016 - Check if file already exists
2020-10-23 06:22:19,017 - OHLC file does not exists. Getting maximum possible data
2020-10-23 06:22:19,017 - Getting OHLC data for days provided
2020-10-23 06:22:19,311 - Note: NumExpr detected 12 cores but "NUMEXPR_MAX_THREADS" not set, so enforcing safe limit of 8.
2020-10-23 06:22:19,311 - NumExpr defaulting to 8 threads.
2020-10-23 06:22:19,319 - Writing data in the file name OHLC_data.csv
2020-10-23 06:22:52,666 - In the main function
2020-10-23 06:22:52,668 - Processing for date 2020-10-23 00:00:00
2020-10-23 06:22:52,669 - Check if file already exists
2020-10-23 06:22:52,669 - OHLC Data file exists. Getting data in dataframe and last date
2020-10-23 06:22:52,670 - Opening existing data file and extracting last date from it
2020-10-23 06:22:52,692 - Last date in the file is 2020-10-22 00:00:00
2020-10-23 06:22:52,696 - Getting OHLC data for days provided
2020-10-23 06:22:52,850 - Writing data in the file name OHLC_data.csv
2020-10-23 06:23:19,896 - In the main function
2020-10-23 06:23:19,897 - Processing for date 2020-10-23 00:00:00
2020-10-23 06:23:19,897 - Check if file already exists
2020-10-23 06:23:19,897 - OHLC Data file exists. Getting data in dataframe and last date
2020-10-23 06:23:19,897 - Opening existing data file and extracting last date from it
2020-10-23 06:23:19,919 - Last date in the file is 2020-10-22 00:00:00
2020-10-23 06:23:19,923 - Getting OHLC data for days provided
2020-10-23 06:23:20,039 - Writing data in the file name OHLC_data.csv
