2020-10-22 15:13:58,489 - In the main function
2020-10-22 15:13:58,495 - Processing for date 2020-10-22
2020-10-22 15:13:58,495 - Check if file already exists
2020-10-22 15:13:58,496 - OHLC file does not exists. Getting maximum possible data
2020-10-22 15:14:11,876 - In the main function
2020-10-22 15:14:11,877 - Processing for date 2020-10-22
2020-10-22 15:14:11,877 - Check if file already exists
2020-10-22 15:14:11,877 - OHLC file does not exists. Getting maximum possible data
2020-10-22 15:14:11,877 - Getting OHLC data for days provided
2020-10-22 15:15:52,394 - In the main function
2020-10-22 15:15:52,394 - Processing for date 2020-10-22
2020-10-22 15:15:52,394 - Check if file already exists
2020-10-22 15:15:52,394 - OHLC file does not exists. Getting maximum possible data
2020-10-22 15:15:52,395 - Getting OHLC data for days provided
2020-10-22 15:16:13,216 - In the main function
2020-10-22 15:16:13,216 - Processing for date 2020-10-22
2020-10-22 15:16:13,216 - Check if file already exists
2020-10-22 15:16:13,216 - OHLC file does not exists. Getting maximum possible data
2020-10-22 15:16:13,216 - Getting OHLC data for days provided
2020-10-22 15:16:41,797 - In the main function
2020-10-22 15:16:41,797 - Processing for date 2020-10-22
2020-10-22 15:16:41,797 - Check if file already exists
2020-10-22 15:16:41,797 - OHLC file does not exists. Getting maximum possible data
2020-10-22 15:16:41,797 - Getting OHLC data for days provided
2020-10-22 15:17:08,720 - In the main function
2020-10-22 15:17:08,721 - Processing for date 2020-10-22
2020-10-22 15:17:08,721 - Check if file already exists
2020-10-22 15:17:08,721 - OHLC file does not exists. Getting maximum possible data
2020-10-22 15:17:08,721 - Getting OHLC data for days provided
2020-10-22 15:17:09,239 - Writing data in the file name OHLC_data.csv
2020-10-22 15:18:31,583 - In the main function
2020-10-22 15:18:31,583 - Processing for date 2020-10-22
2020-10-22 15:18:31,584 - Check if file already exists
2020-10-22 15:18:31,584 - OHLC Data file exists. Getting data in dataframe and last date
2020-10-22 15:18:31,584 - Opening existing data file and extracting last date from it
2020-10-22 15:21:29,029 - In the main function
2020-10-22 15:21:29,029 - Processing for date 2020-10-22
2020-10-22 15:21:29,029 - Check if file already exists
2020-10-22 15:21:29,030 - OHLC Data file exists. Getting data in dataframe and last date
2020-10-22 15:21:29,030 - Opening existing data file and extracting last date from it
2020-10-22 15:21:38,901 - In the main function
2020-10-22 15:21:38,901 - Processing for date 2020-10-22
2020-10-22 15:21:38,902 - Check if file already exists
2020-10-22 15:21:38,902 - OHLC Data file exists. Getting data in dataframe and last date
2020-10-22 15:21:38,902 - Opening existing data file and extracting last date from it
2020-10-22 15:21:39,005 - Last date in the file is 2020-10-22 00:00:00
2020-10-22 15:25:22,229 - In the main function
2020-10-22 15:25:22,229 - Processing for date 2020-10-22
2020-10-22 15:25:22,229 - Check if file already exists
2020-10-22 15:25:22,229 - OHLC Data file exists. Getting data in dataframe and last date
2020-10-22 15:25:22,229 - Opening existing data file and extracting last date from it
2020-10-22 15:27:55,211 - In the main function
2020-10-22 15:27:55,211 - Processing for date 2020-10-22
2020-10-22 15:27:55,211 - Check if file already exists
2020-10-22 15:27:55,212 - OHLC Data file exists. Getting data in dataframe and last date
2020-10-22 15:27:55,212 - Opening existing data file and extracting last date from it
2020-10-22 15:30:27,769 - In the main function
2020-10-22 15:30:27,769 - Processing for date 2020-10-22
2020-10-22 15:30:27,769 - Check if file already exists
2020-10-22 15:30:27,770 - OHLC Data file exists. Getting data in dataframe and last date
2020-10-22 15:30:27,770 - Opening existing data file and extracting last date from it
2020-10-22 15:30:27,872 - Last date in the file is 2020-10-22 00:00:00
2020-10-22 15:37:20,828 - In the main function
2020-10-22 15:37:20,829 - Processing for date 2020-10-22
2020-10-22 15:37:20,829 - Check if file already exists
2020-10-22 15:37:20,829 - OHLC Data file exists. Getting data in dataframe and last date
2020-10-22 15:37:20,829 - Opening existing data file and extracting last date from it
2020-10-22 15:41:09,629 - In the main function
2020-10-22 15:41:09,630 - Processing for date 2020-10-22
2020-10-22 15:41:09,630 - Check if file already exists
2020-10-22 15:41:09,630 - OHLC Data file exists. Getting data in dataframe and last date
2020-10-22 15:41:09,630 - Opening existing data file and extracting last date from it
2020-10-22 15:41:09,676 - Last date in the file is 2020-10-22
2020-10-22 15:43:10,643 - In the main function
2020-10-22 15:43:10,643 - Processing for date 2020-10-22
2020-10-22 15:43:10,643 - Check if file already exists
2020-10-22 15:43:10,643 - OHLC Data file exists. Getting data in dataframe and last date
2020-10-22 15:43:10,643 - Opening existing data file and extracting last date from it
2020-10-22 15:43:10,695 - Last date in the file is 2020-10-22
2020-10-22 15:44:12,673 - In the main function
2020-10-22 15:44:12,674 - Processing for date 2020-10-22
2020-10-22 15:44:12,674 - Check if file already exists
2020-10-22 15:44:12,674 - OHLC Data file exists. Getting data in dataframe and last date
2020-10-22 15:44:12,674 - Opening existing data file and extracting last date from it
2020-10-22 15:44:12,729 - Last date in the file is 2020-10-22
2020-10-22 15:44:17,182 - In the main function
2020-10-22 15:44:17,183 - Processing for date 2020-10-22
2020-10-22 15:44:17,183 - Check if file already exists
2020-10-22 15:44:17,183 - OHLC Data file exists. Getting data in dataframe and last date
2020-10-22 15:44:17,183 - Opening existing data file and extracting last date from it
2020-10-22 15:44:17,287 - Last date in the file is 2020-10-22 00:00:00
2020-10-22 15:50:03,370 - In the main function
2020-10-22 15:50:03,371 - Processing for date 2020-10-22 00:00:00
2020-10-22 15:50:03,371 - Check if file already exists
2020-10-22 15:50:03,371 - OHLC Data file exists. Getting data in dataframe and last date
2020-10-22 15:50:03,371 - Opening existing data file and extracting last date from it
2020-10-22 15:50:03,477 - Last date in the file is 2020-10-22 00:00:00
2020-10-22 15:50:38,513 - In the main function
2020-10-22 15:50:38,513 - Processing for date 2020-10-22 00:00:00
2020-10-22 15:50:38,513 - Check if file already exists
2020-10-22 15:50:38,513 - OHLC Data file exists. Getting data in dataframe and last date
2020-10-22 15:50:38,514 - Opening existing data file and extracting last date from it
2020-10-22 15:50:38,619 - Last date in the file is 2020-10-22 00:00:00
2020-10-22 15:50:38,619 - Getting OHLC data for days provided
2020-10-22 18:21:46,817 - In the main function
2020-10-22 18:21:46,820 - Processing for date 2020-10-22 00:00:00
2020-10-22 18:21:46,821 - Check if file already exists
2020-10-22 18:21:46,821 - OHLC Data file exists. Getting data in dataframe and last date
2020-10-22 18:21:46,821 - Opening existing data file and extracting last date from it
2020-10-22 18:22:13,147 - In the main function
2020-10-22 18:22:13,147 - Processing for date 2020-10-22 00:00:00
2020-10-22 18:22:13,147 - Check if file already exists
2020-10-22 18:22:13,148 - OHLC Data file exists. Getting data in dataframe and last date
2020-10-22 18:22:13,148 - Opening existing data file and extracting last date from it
2020-10-22 18:22:13,251 - Last date in the file is 2020-10-22 00:00:00
2020-10-22 18:22:13,252 - Getting OHLC data for days provided
2020-10-22 18:22:13,460 - Writing data in the file name OHLC_data.csv
2020-10-22 18:23:58,196 - In the main function
2020-10-22 18:23:58,197 - Processing for date 2020-10-22 00:00:00
2020-10-22 18:23:58,197 - Check if file already exists
2020-10-22 18:23:58,197 - OHLC file does not exists. Getting maximum possible data
2020-10-22 18:23:58,197 - Getting OHLC data for days provided
2020-10-22 18:23:58,765 - Writing data in the file name OHLC_data.csv
2020-10-22 18:25:00,621 - In the main function
2020-10-22 18:25:00,621 - Processing for date 2020-10-22 00:00:00
2020-10-22 18:25:00,621 - Check if file already exists
2020-10-22 18:25:00,621 - OHLC Data file exists. Getting data in dataframe and last date
2020-10-22 18:25:00,621 - Opening existing data file and extracting last date from it
2020-10-22 18:25:00,736 - Last date in the file is 2020-10-22 00:00:00
2020-10-22 18:25:00,736 - Getting OHLC data for days provided
2020-10-22 18:25:00,889 - Writing data in the file name OHLC_data.csv
2020-10-22 20:11:06,507 - In the main function
2020-10-22 20:11:06,507 - Processing for date 2020-10-22 00:00:00
2020-10-22 20:11:06,507 - Check if file already exists
2020-10-22 20:11:06,508 - OHLC file does not exists. Getting maximum possible data
2020-10-22 20:11:06,508 - Getting OHLC data for days provided
2020-10-22 20:11:07,215 - Writing data in the file name OHLC_data.csv
2020-10-22 20:18:20,844 - In the main function
2020-10-22 20:18:20,844 - Processing for date 2020-10-22 00:00:00
2020-10-22 20:18:20,845 - Check if file already exists
2020-10-22 20:18:20,845 - OHLC Data file exists. Getting data in dataframe and last date
2020-10-22 20:18:20,845 - Opening existing data file and extracting last date from it
2020-10-22 20:20:14,923 - In the main function
2020-10-22 20:20:14,923 - Processing for date 2020-10-22 00:00:00
2020-10-22 20:20:14,923 - Check if file already exists
2020-10-22 20:20:14,923 - OHLC file does not exists. Getting maximum possible data
2020-10-22 20:20:14,923 - Getting OHLC data for days provided
2020-10-22 20:23:23,432 - In the main function
2020-10-22 20:23:23,433 - Processing for date 2020-10-22 00:00:00
2020-10-22 20:23:23,433 - Check if file already exists
2020-10-22 20:23:23,433 - OHLC file does not exists. Getting maximum possible data
2020-10-22 20:23:23,433 - Getting OHLC data for days provided
2020-10-22 20:23:24,102 - Writing data in the file name OHLC_data.csv
2020-10-22 20:24:26,296 - In the main function
2020-10-22 20:24:26,297 - Processing for date 2020-10-22 00:00:00
2020-10-22 20:24:26,297 - Check if file already exists
2020-10-22 20:24:26,297 - OHLC Data file exists. Getting data in dataframe and last date
2020-10-22 20:24:26,297 - Opening existing data file and extracting last date from it
2020-10-22 20:24:26,400 - Last date in the file is 2020-10-22 00:00:00
2020-10-22 20:24:26,401 - Getting OHLC data for days provided
2020-10-22 20:26:36,715 - In the main function
2020-10-22 20:26:36,715 - Processing for date 2020-10-22 00:00:00
2020-10-22 20:26:36,715 - Check if file already exists
2020-10-22 20:26:36,716 - OHLC Data file exists. Getting data in dataframe and last date
2020-10-22 20:26:36,716 - Opening existing data file and extracting last date from it
2020-10-22 20:26:36,833 - Last date in the file is 2020-10-22 00:00:00
2020-10-22 20:26:36,834 - Getting OHLC data for days provided
2020-10-22 20:27:37,270 - In the main function
2020-10-22 20:27:37,270 - Processing for date 2020-10-22 00:00:00
2020-10-22 20:27:37,270 - Check if file already exists
2020-10-22 20:27:37,270 - OHLC Data file exists. Getting data in dataframe and last date
2020-10-22 20:27:37,270 - Opening existing data file and extracting last date from it
2020-10-22 20:27:37,372 - Last date in the file is 2020-10-22 00:00:00
2020-10-22 20:27:37,372 - Getting OHLC data for days provided
2020-10-22 20:27:37,543 - Writing data in the file name OHLC_data.csv
2020-10-22 20:35:16,096 - In the main function
2020-10-22 20:35:16,096 - Processing for date 2020-10-22 00:00:00
2020-10-22 20:35:16,096 - Check if file already exists
2020-10-22 20:35:16,096 - OHLC file does not exists. Getting maximum possible data
2020-10-22 20:35:16,096 - Getting OHLC data for days provided
2020-10-22 20:35:16,696 - Writing data in the file name OHLC_data.csv
2020-10-22 20:35:34,227 - In the main function
2020-10-22 20:35:34,227 - Processing for date 2020-10-22 00:00:00
2020-10-22 20:35:34,227 - Check if file already exists
2020-10-22 20:35:34,228 - OHLC Data file exists. Getting data in dataframe and last date
2020-10-22 20:35:34,228 - Opening existing data file and extracting last date from it
2020-10-22 20:36:04,299 - In the main function
2020-10-22 20:36:04,299 - Processing for date 2020-10-22 00:00:00
2020-10-22 20:36:04,299 - Check if file already exists
2020-10-22 20:36:04,299 - OHLC Data file exists. Getting data in dataframe and last date
2020-10-22 20:36:04,300 - Opening existing data file and extracting last date from it
2020-10-22 20:42:35,636 - In the main function
2020-10-22 20:42:35,636 - Processing for date 2020-10-22 00:00:00
2020-10-22 20:42:35,636 - Check if file already exists
2020-10-22 20:42:35,637 - OHLC file does not exists. Getting maximum possible data
2020-10-22 20:42:35,637 - Getting OHLC data for days provided
2020-10-22 20:42:36,517 - Writing data in the file name OHLC_data.csv
2020-10-22 20:42:50,417 - In the main function
2020-10-22 20:42:50,417 - Processing for date 2020-10-22 00:00:00
2020-10-22 20:42:50,417 - Check if file already exists
2020-10-22 20:42:50,418 - OHLC Data file exists. Getting data in dataframe and last date
2020-10-22 20:42:50,418 - Opening existing data file and extracting last date from it
2020-10-22 20:42:50,544 - Last date in the file is 2020-10-22 00:00:00
2020-10-22 20:42:50,544 - Getting OHLC data for days provided
2020-10-22 20:42:50,712 - Writing data in the file name OHLC_data.csv
2020-10-22 20:50:45,005 - In the main function
2020-10-22 20:50:45,005 - Processing for date 2020-10-22 00:00:00
2020-10-22 20:50:45,005 - Check if file already exists
2020-10-22 20:50:45,005 - OHLC file does not exists. Getting maximum possible data
2020-10-22 20:50:45,005 - Getting OHLC data for days provided
2020-10-22 20:50:45,577 - Writing data in the file name OHLC_data.csv
2020-10-22 20:51:02,726 - In the main function
2020-10-22 20:51:02,726 - Processing for date 2020-10-22 00:00:00
2020-10-22 20:51:02,726 - Check if file already exists
2020-10-22 20:51:02,727 - OHLC Data file exists. Getting data in dataframe and last date
2020-10-22 20:51:02,727 - Opening existing data file and extracting last date from it
2020-10-22 20:51:02,843 - Last date in the file is 2020-10-22 00:00:00
2020-10-22 20:51:02,849 - Getting OHLC data for days provided
2020-10-22 20:51:03,691 - Writing data in the file name OHLC_data.csv
2020-10-22 21:41:34,231 - In the main function
2020-10-22 21:41:34,231 - Processing for date 2020-10-22 00:00:00
2020-10-22 21:41:34,231 - Check if file already exists
2020-10-22 21:41:34,232 - OHLC file does not exists. Getting maximum possible data
2020-10-22 21:41:34,232 - Getting OHLC data for days provided
2020-10-22 21:41:35,184 - Writing data in the file name OHLC_data.csv
2020-10-22 21:48:59,485 - In the main function
2020-10-22 21:48:59,485 - Processing for date 2020-10-22 00:00:00
2020-10-22 21:48:59,485 - Check if file already exists
2020-10-22 21:48:59,485 - OHLC Data file exists. Getting data in dataframe and last date
2020-10-22 21:48:59,485 - Opening existing data file and extracting last date from it
2020-10-22 22:00:40,741 - In the main function
2020-10-22 22:00:40,742 - Processing for date 2020-10-22 00:00:00
2020-10-22 22:00:40,742 - Check if file already exists
2020-10-22 22:00:40,742 - OHLC Data file exists. Getting data in dataframe and last date
2020-10-22 22:00:40,742 - Opening existing data file and extracting last date from it
2020-10-22 22:00:40,861 - Last date in the file is 2020-10-22 00:00:00
2020-10-22 22:00:40,867 - Getting OHLC data for days provided
2020-10-22 22:00:41,111 - Writing data in the file name OHLC_data.csv
2020-10-22 22:02:08,033 - In the main function
2020-10-22 22:02:08,034 - Processing for date 2020-10-22 00:00:00
2020-10-22 22:02:08,034 - Check if file already exists
2020-10-22 22:02:08,034 - OHLC Data file exists. Getting data in dataframe and last date
2020-10-22 22:02:08,034 - Opening existing data file and extracting last date from it
2020-10-22 22:02:08,166 - Last date in the file is 2020-10-22 00:00:00
2020-10-22 22:02:08,170 - Getting OHLC data for days provided
2020-10-22 22:02:08,477 - Writing data in the file name OHLC_data.csv
2020-10-22 22:03:28,540 - In the main function
2020-10-22 22:03:28,540 - Processing for date 2020-10-22 00:00:00
2020-10-22 22:03:28,540 - Check if file already exists
2020-10-22 22:03:28,540 - OHLC Data file exists. Getting data in dataframe and last date
2020-10-22 22:03:28,540 - Opening existing data file and extracting last date from it
2020-10-22 22:03:28,674 - Last date in the file is 2020-10-22 00:00:00
2020-10-22 22:03:28,679 - Getting OHLC data for days provided
2020-10-22 22:03:28,924 - Writing data in the file name OHLC_data.csv
2020-10-22 22:05:24,127 - In the main function
2020-10-22 22:05:24,127 - Processing for date 2020-10-22 00:00:00
2020-10-22 22:05:24,127 - Check if file already exists
2020-10-22 22:05:24,127 - OHLC Data file exists. Getting data in dataframe and last date
2020-10-22 22:05:24,127 - Opening existing data file and extracting last date from it
2020-10-22 22:05:24,254 - Last date in the file is 2020-10-22 00:00:00
2020-10-22 22:05:24,259 - Getting OHLC data for days provided
2020-10-22 22:05:48,223 - In the main function
2020-10-22 22:05:48,223 - Processing for date 2020-10-22 00:00:00
2020-10-22 22:05:48,224 - Check if file already exists
2020-10-22 22:05:48,224 - OHLC Data file exists. Getting data in dataframe and last date
2020-10-22 22:05:48,224 - Opening existing data file and extracting last date from it
2020-10-22 22:05:48,349 - Last date in the file is 2020-10-22 00:00:00
2020-10-22 22:05:48,354 - Getting OHLC data for days provided
2020-10-22 22:05:48,758 - Writing data in the file name OHLC_data.csv
2020-10-22 22:06:27,048 - In the main function
2020-10-22 22:06:27,048 - Processing for date 2020-10-22 00:00:00
2020-10-22 22:06:27,048 - Check if file already exists
2020-10-22 22:06:27,048 - OHLC Data file exists. Getting data in dataframe and last date
2020-10-22 22:06:27,048 - Opening existing data file and extracting last date from it
2020-10-22 22:06:27,179 - Last date in the file is 2020-10-22 00:00:00
2020-10-22 22:06:27,196 - Getting OHLC data for days provided
2020-10-22 22:06:27,446 - Writing data in the file name OHLC_data.csv
2020-10-22 22:09:38,639 - In the main function
2020-10-22 22:09:38,639 - Processing for date 2020-10-22 00:00:00
2020-10-22 22:09:38,640 - Check if file already exists
2020-10-22 22:09:38,640 - OHLC Data file exists. Getting data in dataframe and last date
2020-10-22 22:09:38,640 - Opening existing data file and extracting last date from it
2020-10-22 22:09:38,774 - Last date in the file is 2020-10-22 00:00:00
2020-10-22 22:09:38,790 - Getting OHLC data for days provided
2020-10-22 22:09:39,036 - Writing data in the file name OHLC_data.csv
2020-10-22 22:16:00,835 - In the main function
2020-10-22 22:16:00,835 - Processing for date 2020-10-22 00:00:00
2020-10-22 22:16:00,835 - Check if file already exists
2020-10-22 22:16:00,835 - OHLC Data file exists. Getting data in dataframe and last date
2020-10-22 22:16:00,836 - Opening existing data file and extracting last date from it
2020-10-22 22:16:00,970 - Last date in the file is 2020-10-22 00:00:00
2020-10-22 22:16:00,986 - Getting OHLC data for days provided
2020-10-22 22:16:01,243 - Writing data in the file name OHLC_data.csv
2020-10-22 22:16:20,013 - In the main function
2020-10-22 22:16:20,014 - Processing for date 2020-10-22 00:00:00
2020-10-22 22:16:20,014 - Check if file already exists
2020-10-22 22:16:20,014 - OHLC file does not exists. Getting maximum possible data
2020-10-22 22:16:20,014 - Getting OHLC data for days provided
2020-10-22 22:16:20,713 - Writing data in the file name OHLC_data.csv
2020-10-22 22:17:05,821 - In the main function
2020-10-22 22:17:05,822 - Processing for date 2020-10-22 00:00:00
2020-10-22 22:17:05,822 - Check if file already exists
2020-10-22 22:17:05,822 - OHLC Data file exists. Getting data in dataframe and last date
2020-10-22 22:17:05,822 - Opening existing data file and extracting last date from it
2020-10-22 22:17:05,961 - Last date in the file is 2020-10-22 00:00:00
2020-10-22 22:17:05,980 - Getting OHLC data for days provided
2020-10-22 22:17:06,422 - Writing data in the file name OHLC_data.csv
2020-10-22 22:18:57,621 - In the main function
2020-10-22 22:18:57,621 - Processing for date 2020-10-22 00:00:00
2020-10-22 22:18:57,621 - Check if file already exists
2020-10-22 22:18:57,621 - OHLC Data file exists. Getting data in dataframe and last date
2020-10-22 22:18:57,621 - Opening existing data file and extracting last date from it
2020-10-22 22:18:57,688 - Last date in the file is 2020-10-22 00:00:00
2020-10-22 22:18:57,711 - Getting OHLC data for days provided
2020-10-22 22:21:51,448 - In the main function
2020-10-22 22:21:51,448 - Processing for date 2020-10-22 00:00:00
2020-10-22 22:21:51,448 - Check if file already exists
2020-10-22 22:21:51,449 - OHLC Data file exists. Getting data in dataframe and last date
2020-10-22 22:21:51,449 - Opening existing data file and extracting last date from it
2020-10-22 22:21:51,597 - Last date in the file is 2020-10-22 00:00:00
2020-10-22 22:21:51,614 - Getting OHLC data for days provided
2020-10-22 22:21:51,862 - Writing data in the file name OHLC_data.csv
2020-10-22 22:22:34,698 - In the main function
2020-10-22 22:22:34,698 - Processing for date 2020-10-22 00:00:00
2020-10-22 22:22:34,698 - Check if file already exists
2020-10-22 22:22:34,698 - OHLC file does not exists. Getting maximum possible data
2020-10-22 22:22:34,698 - Getting OHLC data for days provided
2020-10-22 22:22:35,391 - Writing data in the file name OHLC_data.csv
2020-10-22 22:22:42,865 - In the main function
2020-10-22 22:22:42,865 - Processing for date 2020-10-22 00:00:00
2020-10-22 22:22:42,865 - Check if file already exists
2020-10-22 22:22:42,865 - OHLC Data file exists. Getting data in dataframe and last date
2020-10-22 22:22:42,866 - Opening existing data file and extracting last date from it
2020-10-22 22:22:42,995 - Last date in the file is 2020-10-22 00:00:00
2020-10-22 22:22:43,011 - Getting OHLC data for days provided
2020-10-22 22:22:43,251 - Writing data in the file name OHLC_data.csv
2020-10-22 22:27:49,418 - In the main function
2020-10-22 22:27:49,419 - Processing for date 2020-10-22 00:00:00
2020-10-22 22:27:49,419 - Check if file already exists
2020-10-22 22:27:49,419 - OHLC file does not exists. Getting maximum possible data
2020-10-22 22:27:49,419 - Getting OHLC data for days provided
2020-10-22 22:27:50,981 - Writing data in the file name OHLC_data.csv
2020-10-22 22:28:05,304 - In the main function
2020-10-22 22:28:05,304 - Processing for date 2020-10-22 00:00:00
2020-10-22 22:28:05,305 - Check if file already exists
2020-10-22 22:28:05,305 - OHLC Data file exists. Getting data in dataframe and last date
2020-10-22 22:28:05,305 - Opening existing data file and extracting last date from it
2020-10-22 22:28:05,415 - Last date in the file is 2020-10-22 00:00:00
2020-10-22 22:28:05,430 - Getting OHLC data for days provided
2020-10-22 22:28:05,668 - Writing data in the file name OHLC_data.csv
2020-10-22 22:32:52,017 - In the main function
2020-10-22 22:32:52,017 - Processing for date 2020-10-22 00:00:00
2020-10-22 22:32:52,017 - Check if file already exists
2020-10-22 22:32:52,017 - OHLC Data file exists. Getting data in dataframe and last date
2020-10-22 22:32:52,017 - Opening existing data file and extracting last date from it
2020-10-22 22:32:52,141 - Last date in the file is 2020-10-22 00:00:00
2020-10-22 22:32:52,157 - Getting OHLC data for days provided
2020-10-22 22:32:52,609 - Writing data in the file name OHLC_data.csv
2020-10-22 22:37:27,835 - In the main function
2020-10-22 22:37:27,835 - Processing for date 2020-10-22 00:00:00
2020-10-22 22:37:27,835 - Check if file already exists
2020-10-22 22:37:27,835 - OHLC Data file exists. Getting data in dataframe and last date
2020-10-22 22:37:27,836 - Opening existing data file and extracting last date from it
2020-10-22 22:37:27,951 - Last date in the file is 2020-10-22 00:00:00
2020-10-22 22:37:27,973 - Getting OHLC data for days provided
2020-10-22 22:37:28,213 - Writing data in the file name OHLC_data.csv
2020-10-22 22:38:49,615 - In the main function
2020-10-22 22:38:49,615 - Processing for date 2020-10-22 00:00:00
2020-10-22 22:38:49,615 - Check if file already exists
2020-10-22 22:38:49,616 - OHLC Data file exists. Getting data in dataframe and last date
2020-10-22 22:38:49,616 - Opening existing data file and extracting last date from it
2020-10-22 22:38:49,727 - Last date in the file is 2020-10-22 00:00:00
2020-10-22 22:38:49,751 - Getting OHLC data for days provided
2020-10-22 22:38:50,008 - Writing data in the file name OHLC_data.csv
2020-10-22 22:39:52,336 - In the main function
2020-10-22 22:39:52,336 - Processing for date 2020-10-22 00:00:00
2020-10-22 22:39:52,336 - Check if file already exists
2020-10-22 22:39:52,336 - OHLC file does not exists. Getting maximum possible data
2020-10-22 22:39:52,336 - Getting OHLC data for days provided
2020-10-22 22:39:53,046 - Writing data in the file name OHLC_data.csv
2020-10-22 22:40:09,308 - In the main function
2020-10-22 22:40:09,308 - Processing for date 2020-10-22 00:00:00
2020-10-22 22:40:09,308 - Check if file already exists
2020-10-22 22:40:09,309 - OHLC Data file exists. Getting data in dataframe and last date
2020-10-22 22:40:09,309 - Opening existing data file and extracting last date from it
2020-10-22 22:40:09,420 - Last date in the file is 2020-10-22 00:00:00
2020-10-22 22:40:09,442 - Getting OHLC data for days provided
2020-10-22 22:40:09,705 - Writing data in the file name OHLC_data.csv
2020-10-22 22:46:20,551 - In the main function
2020-10-22 22:46:20,552 - Processing for date 2020-10-22 00:00:00
2020-10-22 22:46:20,552 - Check if file already exists
2020-10-22 22:46:20,552 - OHLC Data file exists. Getting data in dataframe and last date
2020-10-22 22:46:20,552 - Opening existing data file and extracting last date from it
2020-10-22 22:46:20,682 - Last date in the file is 2020-10-22 00:00:00
2020-10-22 22:46:20,711 - Getting OHLC data for days provided
2020-10-22 22:49:12,401 - In the main function
2020-10-22 22:49:12,401 - Processing for date 2020-10-22 00:00:00
2020-10-22 22:49:12,401 - Check if file already exists
2020-10-22 22:49:12,402 - OHLC Data file exists. Getting data in dataframe and last date
2020-10-22 22:49:12,402 - Opening existing data file and extracting last date from it
2020-10-22 22:49:12,533 - Last date in the file is 2020-10-22 00:00:00
2020-10-22 22:49:12,571 - Getting OHLC data for days provided
2020-10-22 22:50:10,685 - In the main function
2020-10-22 22:50:10,686 - Processing for date 2020-10-22 00:00:00
2020-10-22 22:50:10,686 - Check if file already exists
2020-10-22 22:50:10,686 - OHLC file does not exists. Getting maximum possible data
2020-10-22 22:50:10,686 - Getting OHLC data for days provided
2020-10-22 22:50:10,870 - Writing data in the file name OHLC_data.csv
2020-10-22 22:51:13,334 - In the main function
2020-10-22 22:51:13,334 - Processing for date 2020-10-22 00:00:00
2020-10-22 22:51:13,335 - Check if file already exists
2020-10-22 22:51:13,335 - OHLC Data file exists. Getting data in dataframe and last date
2020-10-22 22:51:13,335 - Opening existing data file and extracting last date from it
2020-10-22 22:51:13,368 - Last date in the file is 2020-10-22 00:00:00
2020-10-22 22:51:13,382 - Getting OHLC data for days provided
